<?xml version="1.0" encoding="UTF-8"?>
<!-- Generated by org.testng.reporters.JUnitReportReporter -->
<testsuite skipped="0" hostname="LAPTOP-ANCRG3Q6" name="demo.ReadDataFromJsonFile" tests="1" failures="0" timestamp="2021-10-01T15:30:46 IST" time="0.017" errors="0">
  <testcase name="readDataFromJson" time="0.017" classname="demo.ReadDataFromJsonFile"/>
  <system-out/>
</testsuite> <!-- demo.ReadDataFromJsonFile -->
