<?xml version="1.0" encoding="UTF-8"?>
<!-- Generated by org.testng.reporters.JUnitReportReporter -->
<testsuite skipped="0" hostname="LAPTOP-ANCRG3Q6" name="GenericUtils.ReadDataFromPropertyFile" tests="1" failures="0" timestamp="2021-09-23T15:48:03 IST" time="0.010" errors="0">
  <testcase name="readDataPromPropertyFile" time="0.010" classname="GenericUtils.ReadDataFromPropertyFile"/>
  <system-out/>
</testsuite> <!-- GenericUtils.ReadDataFromPropertyFile -->
