<?xml version="1.0" encoding="UTF-8"?>
<!-- Generated by org.testng.reporters.JUnitReportReporter -->
<testsuite skipped="0" hostname="LAPTOP-ANCRG3Q6" name="practice.ExecuteQuery" tests="1" failures="0" timestamp="2021-09-27T15:25:21 IST" time="0.295" errors="0">
  <testcase name="executeQuery" time="0.295" classname="practice.ExecuteQuery"/>
  <system-out/>
</testsuite> <!-- practice.ExecuteQuery -->
