<?xml version="1.0" encoding="UTF-8"?>
<!-- Generated by org.testng.reporters.JUnitReportReporter -->
<testsuite skipped="0" hostname="LAPTOP-ANCRG3Q6" name="practice.Contact" tests="1" failures="0" timestamp="2021-09-23T18:10:22 IST" time="0.009" errors="0">
  <testcase name="org" time="0.009" classname="practice.Contact"/>
  <system-out/>
</testsuite> <!-- practice.Contact -->
