<?xml version="1.0" encoding="UTF-8"?>
<!-- Generated by org.testng.reporters.JUnitReportReporter -->
<testsuite skipped="0" hostname="LAPTOP-ANCRG3Q6" name="GenericUtils.ReadDataFromJsonFile" tests="1" failures="0" timestamp="2021-09-27T11:27:27 IST" time="0.017" errors="0">
  <testcase name="readDataFromJson" time="0.017" classname="GenericUtils.ReadDataFromJsonFile"/>
  <system-out/>
</testsuite> <!-- GenericUtils.ReadDataFromJsonFile -->
